<?xml version="1.0" encoding="UTF-8"?>
<!-- Generated by org.testng.reporters.JUnitReportReporter -->
<testsuite hostname="skathi-mac" failures="0" tests="1" name="com.app.webdriver.testcases.cmp.Test1" time="49.629" errors="0" timestamp="24 Feb 2019 13:43:48 GMT" skipped="0">
  <testcase classname="com.app.webdriver.testcases.cmp.Test1" name="login" time="49.629"/>
</testsuite> <!-- com.app.webdriver.testcases.cmp.Test1 -->
